Remember that you can report errors and get help in https://github.com/NicoSantangelo/sublime-gulp

06-30-2016 11:29:
C:\Users\Joseph\workspace\exercises\mjd\orchard\.sublime-gulp-tmp.js:77
[10:36:12] Try running: npm install gulp in the CLI
   ^

SyntaxError: Unexpected token :
    at exports.runInThisContext (vm.js:53:16)
    at Module._compile (module.js:373:25)
    at Object.Module._extensions..js (module.js:416:10)
    at Module.load (module.js:343:32)
    at Function.Module._load (module.js:300:12)
    at Module.require (module.js:353:17)
    at require (internal/module.js:12:17)
    at requireGulp (C:\Users\Joseph\AppData\Roaming\Sublime Text 3\Packages\Gulp\write_tasks_to_cache.js:28:16)
    at Object.<anonymous> (C:\Users\Joseph\AppData\Roaming\Sublime Text 3\Packages\Gulp\write_tasks_to_cache.js:83:12)
    at Module._compile (module.js:409:26)


06-30-2016 11:30:
C:\Users\Joseph\workspace\exercises\mjd\orchard\.sublime-gulp-tmp.js:77
[10:36:12] Try running: npm install gulp in the CLI
   ^

SyntaxError: Unexpected token :
    at exports.runInThisContext (vm.js:53:16)
    at Module._compile (module.js:373:25)
    at Object.Module._extensions..js (module.js:416:10)
    at Module.load (module.js:343:32)
    at Function.Module._load (module.js:300:12)
    at Module.require (module.js:353:17)
    at require (internal/module.js:12:17)
    at requireGulp (C:\Users\Joseph\AppData\Roaming\Sublime Text 3\Packages\Gulp\write_tasks_to_cache.js:28:16)
    at Object.<anonymous> (C:\Users\Joseph\AppData\Roaming\Sublime Text 3\Packages\Gulp\write_tasks_to_cache.js:83:12)
    at Module._compile (module.js:409:26)


06-30-2016 11:33:
C:\Users\Joseph\workspace\exercises\mjd\orchard\.sublime-gulp-tmp.js:77
[10:36:12] Try running: npm install gulp in the CLI
   ^

SyntaxError: Unexpected token :
    at exports.runInThisContext (vm.js:53:16)
    at Module._compile (module.js:373:25)
    at Object.Module._extensions..js (module.js:416:10)
    at Module.load (module.js:343:32)
    at Function.Module._load (module.js:300:12)
    at Module.require (module.js:353:17)
    at require (internal/module.js:12:17)
    at requireGulp (C:\Users\Joseph\AppData\Roaming\Sublime Text 3\Packages\Gulp\write_tasks_to_cache.js:28:16)
    at Object.<anonymous> (C:\Users\Joseph\AppData\Roaming\Sublime Text 3\Packages\Gulp\write_tasks_to_cache.js:83:12)
    at Module._compile (module.js:409:26)


06-30-2016 11:45:
C:\Users\Joseph\workspace\exercises\mjd\orchard\.sublime-gulp-tmp.js:77
[10:36:12] Try running: npm install gulp in the CLI
   ^

SyntaxError: Unexpected token :
    at exports.runInThisContext (vm.js:53:16)
    at Module._compile (module.js:373:25)
    at Object.Module._extensions..js (module.js:416:10)
    at Module.load (module.js:343:32)
    at Function.Module._load (module.js:300:12)
    at Module.require (module.js:353:17)
    at require (internal/module.js:12:17)
    at requireGulp (C:\Users\Joseph\AppData\Roaming\Sublime Text 3\Packages\Gulp\write_tasks_to_cache.js:28:16)
    at Object.<anonymous> (C:\Users\Joseph\AppData\Roaming\Sublime Text 3\Packages\Gulp\write_tasks_to_cache.js:83:12)
    at Module._compile (module.js:409:26)
